<?xml version="1.0" encoding="UTF-8"?>
<testng-results ignored="0" total="1" passed="1" failed="0" skipped="0">
  <reporter-output>
  </reporter-output>
  <suite started-at="2026-04-07T09:47:24 IST" name="Parallel Login Suite" finished-at="2026-04-07T09:47:39 IST" duration-ms="14782">
    <groups>
    </groups>
    <test started-at="2026-04-07T09:47:24 IST" name="Invalid Password Test" finished-at="2026-04-07T09:47:39 IST" duration-ms="14782">
      <class name="TestngDataDriven.LoginParallelExecution">
        <test-method is-config="true" signature="setUp()[pri:0, instance:TestngDataDriven.LoginParallelExecution@1d296da]" started-at="2026-04-07T09:47:24 IST" name="setUp" finished-at="2026-04-07T09:47:34 IST" duration-ms="10524" status="PASS">
          <reporter-output>
          </reporter-output>
        </test-method> <!-- setUp -->
        <test-method signature="verifyLogin(java.lang.String,java.lang.String,java.lang.String)[pri:0, instance:TestngDataDriven.LoginParallelExecution@1d296da]" started-at="2026-04-07T09:47:34 IST" name="verifyLogin" finished-at="2026-04-07T09:47:36 IST" duration-ms="1371" status="PASS">
          <params>
            <param index="0">
              <value>
                <![CDATA[tomsmith]]>
              </value>
            </param>
            <param index="1">
              <value>
                <![CDATA[wrongPass]]>
              </value>
            </param>
            <param index="2">
              <value>
                <![CDATA[failure]]>
              </value>
            </param>
          </params>
          <reporter-output>
          </reporter-output>
        </test-method> <!-- verifyLogin -->
        <test-method is-config="true" signature="tearDown()[pri:0, instance:TestngDataDriven.LoginParallelExecution@1d296da]" started-at="2026-04-07T09:47:36 IST" name="tearDown" finished-at="2026-04-07T09:47:39 IST" duration-ms="2835" status="PASS">
          <reporter-output>
          </reporter-output>
        </test-method> <!-- tearDown -->
      </class> <!-- TestngDataDriven.LoginParallelExecution -->
    </test> <!-- Invalid Password Test -->
  </suite> <!-- Parallel Login Suite -->
</testng-results>
